<?xml version="1.0" encoding="UTF-8"?>
<!-- Generated by org.testng.reporters.JUnitXMLReporter -->
<testsuite hostname="Betuls-MacBook-Air.local" ignored="0" name="Test" tests="6" failures="2" timestamp="2020-01-12T13:16:27 CST" time="99.005" errors="0">
  <testcase name="@BeforeMethod openAndNavigate" time="31.251" classname="com.class01.TitleLogoAndLoginVerification">
    <failure type="org.openqa.selenium.TimeoutException" message="timeout
  (Session info: chrome=79.0.3945.117)
Build info: version: &amp;apos;3.141.59&amp;apos;, revision: &amp;apos;e82be7d358&amp;apos;, time: &amp;apos;2018-11-14T08:25:48&amp;apos;
System info: host: &amp;apos;Betuls-MacBook-Air.local&amp;apos;, ip: &amp;apos;fe80:0:0:0:dc:f3bf:fc54:fe18%en0&amp;apos;, os.name: &amp;apos;Mac OS X&amp;apos;, os.arch: &amp;apos;x86_64&amp;apos;, os.version: &amp;apos;10.14.5&amp;apos;, java.version: &amp;apos;1.8.0_201&amp;apos;
Driver info: org.openqa.selenium.chrome.ChromeDriver
Capabilities {acceptInsecureCerts: false, browserName: chrome, browserVersion: 79.0.3945.117, chrome: {chromedriverVersion: 78.0.3904.70 (edb9c9f3de024..., userDataDir: /var/folders/xn/gprn3mgx6yv...}, goog:chromeOptions: {debuggerAddress: localhost:56307}, javascriptEnabled: true, networkConnectionEnabled: false, pageLoadStrategy: normal, platform: MAC, platformName: MAC, proxy: Proxy(), setWindowRect: true, strictFileInteractability: false, timeouts: {implicit: 0, pageLoad: 300000, script: 30000}, unhandledPromptBehavior: dismiss and notify}
Session ID: 7138c63e3c3d1083ea26e78af6e80448">
      <![CDATA[org.openqa.selenium.TimeoutException: timeout
  (Session info: chrome=79.0.3945.117)
Build info: version: '3.141.59', revision: 'e82be7d358', time: '2018-11-14T08:25:48'
System info: host: 'Betuls-MacBook-Air.local', ip: 'fe80:0:0:0:dc:f3bf:fc54:fe18%en0', os.name: 'Mac OS X', os.arch: 'x86_64', os.version: '10.14.5', java.version: '1.8.0_201'
Driver info: org.openqa.selenium.chrome.ChromeDriver
Capabilities {acceptInsecureCerts: false, browserName: chrome, browserVersion: 79.0.3945.117, chrome: {chromedriverVersion: 78.0.3904.70 (edb9c9f3de024..., userDataDir: /var/folders/xn/gprn3mgx6yv...}, goog:chromeOptions: {debuggerAddress: localhost:56307}, javascriptEnabled: true, networkConnectionEnabled: false, pageLoadStrategy: normal, platform: MAC, platformName: MAC, proxy: Proxy(), setWindowRect: true, strictFileInteractability: false, timeouts: {implicit: 0, pageLoad: 300000, script: 30000}, unhandledPromptBehavior: dismiss and notify}
Session ID: 7138c63e3c3d1083ea26e78af6e80448
at org.openqa.selenium.remote.http.W3CHttpResponseCodec.createException(W3CHttpResponseCodec.java:187)
at org.openqa.selenium.remote.http.W3CHttpResponseCodec.decode(W3CHttpResponseCodec.java:122)
at org.openqa.selenium.remote.http.W3CHttpResponseCodec.decode(W3CHttpResponseCodec.java:49)
at org.openqa.selenium.remote.HttpCommandExecutor.execute(HttpCommandExecutor.java:158)
at org.openqa.selenium.remote.service.DriverCommandExecutor.execute(DriverCommandExecutor.java:83)
at org.openqa.selenium.remote.RemoteWebDriver.execute(RemoteWebDriver.java:552)
at org.openqa.selenium.remote.RemoteWebDriver.get(RemoteWebDriver.java:277)
at com.util.CommonMethods.setUp(CommonMethods.java:40)
at com.class01.TitleLogoAndLoginVerification.openAndNavigate(TitleLogoAndLoginVerification.java:15)
at java.util.ArrayList.forEach(ArrayList.java:1257)
... Removed 35 stack frames]]>
    </failure>
  </testcase> <!-- @BeforeMethod openAndNavigate -->
  <testcase name="@AfterMethod closeBrowser" time="-1.578856582756E9" classname="com.class01.TitleLogoAndLoginVerification">
    <skipped/>
  </testcase> <!-- @AfterMethod closeBrowser -->
  <testcase name="@BeforeMethod openAndNavigate" time="-1.578856582761E9" classname="com.class01.TitleLogoAndLoginVerification">
    <skipped/>
  </testcase> <!-- @BeforeMethod openAndNavigate -->
  <testcase name="@AfterMethod closeBrowser" time="-1.578856582777E9" classname="com.class01.TitleLogoAndLoginVerification">
    <skipped/>
  </testcase> <!-- @AfterMethod closeBrowser -->
  <testcase name="@BeforeMethod openAndNavigate" time="-1.578856582788E9" classname="com.class01.TitleLogoAndLoginVerification">
    <skipped/>
  </testcase> <!-- @BeforeMethod openAndNavigate -->
  <testcase name="@AfterMethod closeBrowser" time="-1.578856582802E9" classname="com.class01.TitleLogoAndLoginVerification">
    <skipped/>
  </testcase> <!-- @AfterMethod closeBrowser -->
  <testcase name="logoAndLOgin" time="12.369" classname="com.class02.SoftAssertions">
    <failure type="java.lang.AssertionError" message="The following asserts failed:
	Logo is NOT displayed did not expect to find [true] but found [false]">
      <![CDATA[java.lang.AssertionError: The following asserts failed:
Logo is NOT displayed did not expect to find [true] but found [false]
at com.class02.SoftAssertions.logoAndLOgin(SoftAssertions.java:41)
at java.util.ArrayList.forEach(ArrayList.java:1257)
... Removed 29 stack frames]]>
    </failure>
  </testcase> <!-- logoAndLOgin -->
  <testcase name="logoValidation" time="0.045" classname="com.class02.AssertionsDemo"/>
  <testcase name="titleValidation" time="0.011" classname="com.class02.AssertionsDemo">
    <failure type="java.lang.AssertionError" message="Titles are NOT matched expected [Human Management Systems] but found [Human Management System]">
      <![CDATA[java.lang.AssertionError: Titles are NOT matched expected [Human Management Systems] but found [Human Management System]
at com.class02.AssertionsDemo.titleValidation(AssertionsDemo.java:20)
at java.util.ArrayList.forEach(ArrayList.java:1257)
... Removed 31 stack frames]]>
    </failure>
  </testcase> <!-- titleValidation -->
  <testcase name="LogoValidation" time="0.0" classname="com.class01.TitleLogoAndLoginVerification">
    <skipped/>
  </testcase> <!-- LogoValidation -->
  <testcase name="titleVAlidation" time="0.0" classname="com.class01.TitleLogoAndLoginVerification">
    <skipped/>
  </testcase> <!-- titleVAlidation -->
  <testcase name="validLogin" time="0.0" classname="com.class01.TitleLogoAndLoginVerification">
    <skipped/>
  </testcase> <!-- validLogin -->
</testsuite> <!-- Test -->
